<?xml version="1.0" encoding="utf-8"?>
<coverage line-rate="0.8208" branch-rate="0.797" version="1.9" timestamp="1780284321" lines-covered="481" lines-valid="586" branches-covered="161" branches-valid="202">
  <sources>
    <source>/Users/eviedurdin/QuestForgeA/QuestForge.Engine/</source>
  </sources>
  <packages>
    <package name="QuestForge.Engine" line-rate="0.8208" branch-rate="0.797" complexity="277">
      <classes>
        <class name="QuestForge.Engine.World.GameEvent" filename="World/GameEvent.cs" line-rate="1" branch-rate="1" complexity="6">
          <methods>
            <method name="get_Type" signature="()" line-rate="1" branch-rate="1" complexity="1">
              <lines>
                <line number="9" hits="105" branch="False" />
              </lines>
            </method>
            <method name="get_Description" signature="()" line-rate="1" branch-rate="1" complexity="1">
              <lines>
                <line number="10" hits="60" branch="False" />
              </lines>
            </method>
            <method name="get_CombatDifficulty" signature="()" line-rate="1" branch-rate="1" complexity="1">
              <lines>
                <line number="11" hits="4" branch="False" />
              </lines>
            </method>
            <method name="get_LootRarity" signature="()" line-rate="1" branch-rate="1" complexity="1">
              <lines>
                <line number="12" hits="18" branch="False" />
              </lines>
            </method>
            <method name="ToString" signature="()" line-rate="1" branch-rate="1" complexity="1">
              <lines>
                <line number="20" hits="1" branch="False" />
              </lines>
            </method>
            <method name=".ctor" signature="(QuestForge.Engine.World.EventType,System.String)" line-rate="1" branch-rate="1" complexity="1">
              <lines>
                <line number="14" hits="42" branch="False" />
                <line number="15" hits="42" branch="False" />
                <line number="16" hits="42" branch="False" />
                <line number="17" hits="42" branch="False" />
                <line number="18" hits="42" branch="False" />
              </lines>
            </method>
          </methods>
          <lines>
            <line number="9" hits="105" branch="False" />
            <line number="10" hits="60" branch="False" />
            <line number="11" hits="4" branch="False" />
            <line number="12" hits="18" branch="False" />
            <line number="20" hits="1" branch="False" />
            <line number="14" hits="42" branch="False" />
            <line number="15" hits="42" branch="False" />
            <line number="16" hits="42" branch="False" />
            <line number="17" hits="42" branch="False" />
            <line number="18" hits="42" branch="False" />
          </lines>
        </class>
        <class name="QuestForge.Engine.World.SampleWorld" filename="World/SampleWorld.cs" line-rate="0" branch-rate="1" complexity="1">
          <methods>
            <method name="Build" signature="()" line-rate="0" branch-rate="1" complexity="1">
              <lines>
                <line number="8" hits="0" branch="False" />
                <line number="9" hits="0" branch="False" />
                <line number="10" hits="0" branch="False" />
                <line number="12" hits="0" branch="False" />
                <line number="13" hits="0" branch="False" />
                <line number="14" hits="0" branch="False" />
                <line number="16" hits="0" branch="False" />
                <line number="17" hits="0" branch="False" />
                <line number="18" hits="0" branch="False" />
                <line number="20" hits="0" branch="False" />
                <line number="21" hits="0" branch="False" />
                <line number="22" hits="0" branch="False" />
                <line number="23" hits="0" branch="False" />
                <line number="24" hits="0" branch="False" />
                <line number="25" hits="0" branch="False" />
                <line number="26" hits="0" branch="False" />
                <line number="27" hits="0" branch="False" />
                <line number="28" hits="0" branch="False" />
                <line number="29" hits="0" branch="False" />
                <line number="30" hits="0" branch="False" />
                <line number="31" hits="0" branch="False" />
                <line number="32" hits="0" branch="False" />
                <line number="33" hits="0" branch="False" />
                <line number="34" hits="0" branch="False" />
                <line number="36" hits="0" branch="False" />
                <line number="37" hits="0" branch="False" />
                <line number="38" hits="0" branch="False" />
                <line number="39" hits="0" branch="False" />
                <line number="40" hits="0" branch="False" />
                <line number="41" hits="0" branch="False" />
                <line number="42" hits="0" branch="False" />
                <line number="43" hits="0" branch="False" />
                <line number="44" hits="0" branch="False" />
                <line number="45" hits="0" branch="False" />
                <line number="46" hits="0" branch="False" />
                <line number="48" hits="0" branch="False" />
                <line number="49" hits="0" branch="False" />
                <line number="50" hits="0" branch="False" />
                <line number="52" hits="0" branch="False" />
                <line number="53" hits="0" branch="False" />
                <line number="54" hits="0" branch="False" />
                <line number="56" hits="0" branch="False" />
                <line number="57" hits="0" branch="False" />
                <line number="59" hits="0" branch="False" />
                <line number="60" hits="0" branch="False" />
              </lines>
            </method>
          </methods>
          <lines>
            <line number="8" hits="0" branch="False" />
            <line number="9" hits="0" branch="False" />
            <line number="10" hits="0" branch="False" />
            <line number="12" hits="0" branch="False" />
            <line number="13" hits="0" branch="False" />
            <line number="14" hits="0" branch="False" />
            <line number="16" hits="0" branch="False" />
            <line number="17" hits="0" branch="False" />
            <line number="18" hits="0" branch="False" />
            <line number="20" hits="0" branch="False" />
            <line number="21" hits="0" branch="False" />
            <line number="22" hits="0" branch="False" />
            <line number="23" hits="0" branch="False" />
            <line number="24" hits="0" branch="False" />
            <line number="25" hits="0" branch="False" />
            <line number="26" hits="0" branch="False" />
            <line number="27" hits="0" branch="False" />
            <line number="28" hits="0" branch="False" />
            <line number="29" hits="0" branch="False" />
            <line number="30" hits="0" branch="False" />
            <line number="31" hits="0" branch="False" />
            <line number="32" hits="0" branch="False" />
            <line number="33" hits="0" branch="False" />
            <line number="34" hits="0" branch="False" />
            <line number="36" hits="0" branch="False" />
            <line number="37" hits="0" branch="False" />
            <line number="38" hits="0" branch="False" />
            <line number="39" hits="0" branch="False" />
            <line number="40" hits="0" branch="False" />
            <line number="41" hits="0" branch="False" />
            <line number="42" hits="0" branch="False" />
            <line number="43" hits="0" branch="False" />
            <line number="44" hits="0" branch="False" />
            <line number="45" hits="0" branch="False" />
            <line number="46" hits="0" branch="False" />
            <line number="48" hits="0" branch="False" />
            <line number="49" hits="0" branch="False" />
            <line number="50" hits="0" branch="False" />
            <line number="52" hits="0" branch="False" />
            <line number="53" hits="0" branch="False" />
            <line number="54" hits="0" branch="False" />
            <line number="56" hits="0" branch="False" />
            <line number="57" hits="0" branch="False" />
            <line number="59" hits="0" branch="False" />
            <line number="60" hits="0" branch="False" />
          </lines>
        </class>
        <class name="QuestForge.Engine.World.Zone" filename="World/Zone.cs" line-rate="0.8928" branch-rate="0.6666" complexity="12">
          <methods>
            <method name="get_Name" signature="()" line-rate="1" branch-rate="1" complexity="1">
              <lines>
                <line number="5" hits="167" branch="False" />
              </lines>
            </method>
            <method name="get_Description" signature="()" line-rate="1" branch-rate="1" complexity="1">
              <lines>
                <line number="6" hits="68" branch="False" />
              </lines>
            </method>
            <method name="get_Difficulty" signature="()" line-rate="1" branch-rate="1" complexity="1">
              <lines>
                <line number="7" hits="68" branch="False" />
              </lines>
            </method>
            <method name="get_Events" signature="()" line-rate="0" branch-rate="1" complexity="1">
              <lines>
                <line number="11" hits="0" branch="False" />
              </lines>
            </method>
            <method name="PushEvent" signature="(QuestForge.Engine.World.GameEvent)" line-rate="0.8332999999999999" branch-rate="0.5" complexity="2">
              <lines>
                <line number="21" hits="18" branch="False" />
                <line number="22" hits="18" branch="True" condition-coverage="50% (1/2)">
                  <conditions>
                    <condition number="7" type="jump" coverage="50%" />
                  </conditions>
                </line>
                <line number="23" hits="0" branch="False" />
                <line number="25" hits="18" branch="False" />
                <line number="26" hits="18" branch="False" />
                <line number="27" hits="18" branch="False" />
              </lines>
            </method>
            <method name="PopEvent" signature="()" line-rate="1" branch-rate="1" complexity="2">
              <lines>
                <line number="30" hits="17" branch="False" />
                <line number="31" hits="17" branch="True" condition-coverage="100% (2/2)">
                  <conditions>
                    <condition number="17" type="jump" coverage="100%" />
                  </conditions>
                </line>
                <line number="32" hits="1" branch="False" />
                <line number="34" hits="16" branch="False" />
                <line number="35" hits="17" branch="False" />
              </lines>
            </method>
            <method name="PeekEvent" signature="()" line-rate="0.8" branch-rate="0.5" complexity="2">
              <lines>
                <line number="38" hits="2" branch="False" />
                <line number="39" hits="2" branch="True" condition-coverage="50% (1/2)">
                  <conditions>
                    <condition number="17" type="jump" coverage="50%" />
                  </conditions>
                </line>
                <line number="40" hits="0" branch="False" />
                <line number="41" hits="2" branch="False" />
                <line number="42" hits="2" branch="False" />
              </lines>
            </method>
            <method name="ToString" signature="()" line-rate="1" branch-rate="1" complexity="1">
              <lines>
                <line number="44" hits="1" branch="False" />
              </lines>
            </method>
            <method name=".ctor" signature="(System.String,System.String,System.Int32)" line-rate="1" branch-rate="1" complexity="1">
              <lines>
                <line number="10" hits="67" branch="False" />
                <line number="13" hits="67" branch="False" />
                <line number="14" hits="67" branch="False" />
                <line number="15" hits="67" branch="False" />
                <line number="16" hits="67" branch="False" />
                <line number="17" hits="67" branch="False" />
                <line number="18" hits="67" branch="False" />
              </lines>
            </method>
          </methods>
          <lines>
            <line number="5" hits="167" branch="False" />
            <line number="6" hits="68" branch="False" />
            <line number="7" hits="68" branch="False" />
            <line number="11" hits="0" branch="False" />
            <line number="21" hits="18" branch="False" />
            <line number="22" hits="18" branch="True" condition-coverage="50% (1/2)">
              <conditions>
                <condition number="7" type="jump" coverage="50%" />
              </conditions>
            </line>
            <line number="23" hits="0" branch="False" />
            <line number="25" hits="18" branch="False" />
            <line number="26" hits="18" branch="False" />
            <line number="27" hits="18" branch="False" />
            <line number="30" hits="17" branch="False" />
            <line number="31" hits="17" branch="True" condition-coverage="100% (2/2)">
              <conditions>
                <condition number="17" type="jump" coverage="100%" />
              </conditions>
            </line>
            <line number="32" hits="1" branch="False" />
            <line number="34" hits="16" branch="False" />
            <line number="35" hits="17" branch="False" />
            <line number="38" hits="2" branch="False" />
            <line number="39" hits="2" branch="True" condition-coverage="50% (1/2)">
              <conditions>
                <condition number="17" type="jump" coverage="50%" />
              </conditions>
            </line>
            <line number="40" hits="0" branch="False" />
            <line number="41" hits="2" branch="False" />
            <line number="42" hits="2" branch="False" />
            <line number="44" hits="1" branch="False" />
            <line number="10" hits="67" branch="False" />
            <line number="13" hits="67" branch="False" />
            <line number="14" hits="67" branch="False" />
            <line number="15" hits="67" branch="False" />
            <line number="16" hits="67" branch="False" />
            <line number="17" hits="67" branch="False" />
            <line number="18" hits="67" branch="False" />
          </lines>
        </class>
        <class name="QuestForge.Engine.World.ZoneRequirement" filename="World/ZoneRequirement.cs" line-rate="1" branch-rate="1" complexity="3">
          <methods>
            <method name="get_RequiredEvents" signature="()" line-rate="1" branch-rate="1" complexity="1">
              <lines>
                <line number="7" hits="8" branch="False" />
              </lines>
            </method>
            <method name="get_RequiredItems" signature="()" line-rate="1" branch-rate="1" complexity="1">
              <lines>
                <line number="8" hits="7" branch="False" />
              </lines>
            </method>
            <method name=".ctor" signature="(System.Collections.Generic.List`1&lt;QuestForge.Engine.World.GameEvent&gt;,System.Collections.Generic.List`1&lt;QuestForge.Engine.Models.Item&gt;)" line-rate="1" branch-rate="1" complexity="1">
              <lines>
                <line number="10" hits="6" branch="False" />
                <line number="11" hits="6" branch="False" />
                <line number="12" hits="6" branch="False" />
                <line number="13" hits="6" branch="False" />
                <line number="14" hits="6" branch="False" />
              </lines>
            </method>
          </methods>
          <lines>
            <line number="7" hits="8" branch="False" />
            <line number="8" hits="7" branch="False" />
            <line number="10" hits="6" branch="False" />
            <line number="11" hits="6" branch="False" />
            <line number="12" hits="6" branch="False" />
            <line number="13" hits="6" branch="False" />
            <line number="14" hits="6" branch="False" />
          </lines>
        </class>
        <class name="QuestForge.Engine.Models.CombatAction" filename="Models/CombatAction.cs" line-rate="1" branch-rate="1" complexity="5">
          <methods>
            <method name="get_Name" signature="()" line-rate="1" branch-rate="1" complexity="1">
              <lines>
                <line number="5" hits="269" branch="False" />
              </lines>
            </method>
            <method name="get_Power" signature="()" line-rate="1" branch-rate="1" complexity="1">
              <lines>
                <line number="6" hits="181" branch="False" />
              </lines>
            </method>
            <method name="get_Source" signature="()" line-rate="1" branch-rate="1" complexity="1">
              <lines>
                <line number="7" hits="187" branch="False" />
              </lines>
            </method>
            <method name="ToString" signature="()" line-rate="1" branch-rate="1" complexity="1">
              <lines>
                <line number="16" hits="28" branch="False" />
              </lines>
            </method>
            <method name=".ctor" signature="(System.String,System.Int32,QuestForge.Engine.Models.GameEntity)" line-rate="1" branch-rate="1" complexity="1">
              <lines>
                <line number="9" hits="114" branch="False" />
                <line number="10" hits="114" branch="False" />
                <line number="11" hits="114" branch="False" />
                <line number="12" hits="114" branch="False" />
                <line number="13" hits="114" branch="False" />
                <line number="14" hits="114" branch="False" />
              </lines>
            </method>
          </methods>
          <lines>
            <line number="5" hits="269" branch="False" />
            <line number="6" hits="181" branch="False" />
            <line number="7" hits="187" branch="False" />
            <line number="16" hits="28" branch="False" />
            <line number="9" hits="114" branch="False" />
            <line number="10" hits="114" branch="False" />
            <line number="11" hits="114" branch="False" />
            <line number="12" hits="114" branch="False" />
            <line number="13" hits="114" branch="False" />
            <line number="14" hits="114" branch="False" />
          </lines>
        </class>
        <class name="QuestForge.Engine.Models.Enemy" filename="Models/Enemy.cs" line-rate="0.8043" branch-rate="0.4375" complexity="21">
          <methods>
            <method name="get_Difficulty" signature="()" line-rate="1" branch-rate="1" complexity="1">
              <lines>
                <line number="7" hits="87" branch="False" />
              </lines>
            </method>
            <method name="get_CombatActions" signature="()" line-rate="1" branch-rate="1" complexity="1">
              <lines>
                <line number="8" hits="116" branch="False" />
              </lines>
            </method>
            <method name="AddDefaultActions" signature="()" line-rate="1" branch-rate="1" complexity="4">
              <lines>
                <line number="29" hits="26" branch="False" />
                <line number="30" hits="26" branch="False" />
                <line number="31" hits="26" branch="False" />
                <line number="33" hits="26" branch="True" condition-coverage="100% (2/2)">
                  <conditions>
                    <condition number="68" type="jump" coverage="100%" />
                  </conditions>
                </line>
                <line number="34" hits="6" branch="False" />
                <line number="36" hits="26" branch="True" condition-coverage="100% (2/2)">
                  <conditions>
                    <condition number="122" type="jump" coverage="100%" />
                  </conditions>
                </line>
                <line number="37" hits="3" branch="False" />
                <line number="38" hits="26" branch="False" />
              </lines>
            </method>
            <method name="ScaleHealth" signature="(System.Int32,QuestForge.Engine.Models.Difficulty)" line-rate="0.5714" branch-rate="0.25" complexity="4">
              <lines>
                <line number="40" hits="1" branch="True" condition-coverage="25% (1/4)">
                  <conditions>
                    <condition number="5" type="switch" coverage="25%" />
                  </conditions>
                </line>
                <line number="41" hits="1" branch="False" />
                <line number="42" hits="0" branch="False" />
                <line number="43" hits="1" branch="False" />
                <line number="44" hits="0" branch="False" />
                <line number="45" hits="0" branch="False" />
                <line number="46" hits="1" branch="False" />
              </lines>
            </method>
            <method name="ScaleAttack" signature="(System.Int32,QuestForge.Engine.Models.Difficulty)" line-rate="0.5714" branch-rate="0.25" complexity="4">
              <lines>
                <line number="48" hits="1" branch="True" condition-coverage="25% (1/4)">
                  <conditions>
                    <condition number="5" type="switch" coverage="25%" />
                  </conditions>
                </line>
                <line number="49" hits="1" branch="False" />
                <line number="50" hits="0" branch="False" />
                <line number="51" hits="1" branch="False" />
                <line number="52" hits="0" branch="False" />
                <line number="53" hits="0" branch="False" />
                <line number="54" hits="1" branch="False" />
              </lines>
            </method>
            <method name="ScaleDefence" signature="(System.Int32,QuestForge.Engine.Models.Difficulty)" line-rate="0.5714" branch-rate="0.25" complexity="4">
              <lines>
                <line number="56" hits="1" branch="True" condition-coverage="25% (1/4)">
                  <conditions>
                    <condition number="5" type="switch" coverage="25%" />
                  </conditions>
                </line>
                <line number="57" hits="1" branch="False" />
                <line number="58" hits="0" branch="False" />
                <line number="59" hits="1" branch="False" />
                <line number="60" hits="0" branch="False" />
                <line number="61" hits="0" branch="False" />
                <line number="62" hits="1" branch="False" />
              </lines>
            </method>
            <method name="ToString" signature="()" line-rate="1" branch-rate="1" complexity="1">
              <lines>
                <line number="65" hits="6" branch="False" />
              </lines>
            </method>
            <method name=".ctor" signature="(QuestForge.Engine.Models.Difficulty,QuestForge.Engine.Models.GameEntity)" line-rate="1" branch-rate="1" complexity="1">
              <lines>
                <line number="11" hits="1" branch="False" />
                <line number="12" hits="1" branch="False" />
                <line number="13" hits="1" branch="False" />
                <line number="14" hits="1" branch="False" />
                <line number="15" hits="1" branch="False" />
                <line number="16" hits="1" branch="False" />
                <line number="17" hits="1" branch="False" />
                <line number="18" hits="1" branch="False" />
                <line number="19" hits="1" branch="False" />
              </lines>
            </method>
            <method name=".ctor" signature="(System.String,System.Int32,System.Int32,System.Int32,QuestForge.Engine.Models.Difficulty)" line-rate="1" branch-rate="1" complexity="1">
              <lines>
                <line number="22" hits="25" branch="False" />
                <line number="23" hits="25" branch="False" />
                <line number="24" hits="25" branch="False" />
                <line number="25" hits="25" branch="False" />
                <line number="26" hits="25" branch="False" />
              </lines>
            </method>
          </methods>
          <lines>
            <line number="7" hits="87" branch="False" />
            <line number="8" hits="116" branch="False" />
            <line number="29" hits="26" branch="False" />
            <line number="30" hits="26" branch="False" />
            <line number="31" hits="26" branch="False" />
            <line number="33" hits="26" branch="True" condition-coverage="100% (2/2)">
              <conditions>
                <condition number="68" type="jump" coverage="100%" />
              </conditions>
            </line>
            <line number="34" hits="6" branch="False" />
            <line number="36" hits="26" branch="True" condition-coverage="100% (2/2)">
              <conditions>
                <condition number="122" type="jump" coverage="100%" />
              </conditions>
            </line>
            <line number="37" hits="3" branch="False" />
            <line number="38" hits="26" branch="False" />
            <line number="40" hits="1" branch="True" condition-coverage="25% (1/4)">
              <conditions>
                <condition number="5" type="switch" coverage="25%" />
              </conditions>
            </line>
            <line number="41" hits="1" branch="False" />
            <line number="42" hits="0" branch="False" />
            <line number="43" hits="1" branch="False" />
            <line number="44" hits="0" branch="False" />
            <line number="45" hits="0" branch="False" />
            <line number="46" hits="1" branch="False" />
            <line number="48" hits="1" branch="True" condition-coverage="25% (1/4)">
              <conditions>
                <condition number="5" type="switch" coverage="25%" />
              </conditions>
            </line>
            <line number="49" hits="1" branch="False" />
            <line number="50" hits="0" branch="False" />
            <line number="51" hits="1" branch="False" />
            <line number="52" hits="0" branch="False" />
            <line number="53" hits="0" branch="False" />
            <line number="54" hits="1" branch="False" />
            <line number="56" hits="1" branch="True" condition-coverage="25% (1/4)">
              <conditions>
                <condition number="5" type="switch" coverage="25%" />
              </conditions>
            </line>
            <line number="57" hits="1" branch="False" />
            <line number="58" hits="0" branch="False" />
            <line number="59" hits="1" branch="False" />
            <line number="60" hits="0" branch="False" />
            <line number="61" hits="0" branch="False" />
            <line number="62" hits="1" branch="False" />
            <line number="65" hits="6" branch="False" />
            <line number="11" hits="1" branch="False" />
            <line number="12" hits="1" branch="False" />
            <line number="13" hits="1" branch="False" />
            <line number="14" hits="1" branch="False" />
            <line number="15" hits="1" branch="False" />
            <line number="16" hits="1" branch="False" />
            <line number="17" hits="1" branch="False" />
            <line number="18" hits="1" branch="False" />
            <line number="19" hits="1" branch="False" />
            <line number="22" hits="25" branch="False" />
            <line number="23" hits="25" branch="False" />
            <line number="24" hits="25" branch="False" />
            <line number="25" hits="25" branch="False" />
            <line number="26" hits="25" branch="False" />
          </lines>
        </class>
        <class name="QuestForge.Engine.Models.GameEntity" filename="Models/GameEntity.cs" line-rate="0.8" branch-rate="1" complexity="7">
          <methods>
            <method name="get_Name" signature="()" line-rate="1" branch-rate="1" complexity="1">
              <lines>
                <line number="5" hits="175" branch="False" />
              </lines>
            </method>
            <method name="get_Health" signature="()" line-rate="1" branch-rate="1" complexity="1">
              <lines>
                <line number="6" hits="269" branch="False" />
              </lines>
            </method>
            <method name="get_Attack" signature="()" line-rate="1" branch-rate="1" complexity="1">
              <lines>
                <line number="7" hits="130" branch="False" />
              </lines>
            </method>
            <method name="get_Defence" signature="()" line-rate="1" branch-rate="1" complexity="1">
              <lines>
                <line number="8" hits="132" branch="False" />
              </lines>
            </method>
            <method name="get_IsAlive" signature="()" line-rate="1" branch-rate="1" complexity="1">
              <lines>
                <line number="9" hits="76" branch="False" />
              </lines>
            </method>
            <method name="ToString" signature="()" line-rate="0" branch-rate="1" complexity="1">
              <lines>
                <line number="20" hits="0" branch="False" />
                <line number="21" hits="0" branch="False" />
                <line number="22" hits="0" branch="False" />
              </lines>
            </method>
            <method name=".ctor" signature="(System.String,System.Int32,System.Int32,System.Int32)" line-rate="1" branch-rate="1" complexity="1">
              <lines>
                <line number="11" hits="78" branch="False" />
                <line number="12" hits="78" branch="False" />
                <line number="13" hits="78" branch="False" />
                <line number="14" hits="78" branch="False" />
                <line number="15" hits="78" branch="False" />
                <line number="16" hits="78" branch="False" />
                <line number="17" hits="78" branch="False" />
              </lines>
            </method>
          </methods>
          <lines>
            <line number="5" hits="175" branch="False" />
            <line number="6" hits="269" branch="False" />
            <line number="7" hits="130" branch="False" />
            <line number="8" hits="132" branch="False" />
            <line number="9" hits="76" branch="False" />
            <line number="20" hits="0" branch="False" />
            <line number="21" hits="0" branch="False" />
            <line number="22" hits="0" branch="False" />
            <line number="11" hits="78" branch="False" />
            <line number="12" hits="78" branch="False" />
            <line number="13" hits="78" branch="False" />
            <line number="14" hits="78" branch="False" />
            <line number="15" hits="78" branch="False" />
            <line number="16" hits="78" branch="False" />
            <line number="17" hits="78" branch="False" />
          </lines>
        </class>
        <class name="QuestForge.Engine.Models.Item" filename="Models/Item.cs" line-rate="0.9795" branch-rate="0.8" complexity="14">
          <methods>
            <method name="get_Name" signature="()" line-rate="1" branch-rate="1" complexity="1">
              <lines>
                <line number="21" hits="112" branch="False" />
              </lines>
            </method>
            <method name="get_Description" signature="()" line-rate="1" branch-rate="1" complexity="1">
              <lines>
                <line number="22" hits="68" branch="False" />
              </lines>
            </method>
            <method name="get_Weight" signature="()" line-rate="1" branch-rate="1" complexity="1">
              <lines>
                <line number="23" hits="68" branch="False" />
              </lines>
            </method>
            <method name="get_Value" signature="()" line-rate="1" branch-rate="1" complexity="1">
              <lines>
                <line number="24" hits="70" branch="False" />
              </lines>
            </method>
            <method name="get_Category" signature="()" line-rate="1" branch-rate="1" complexity="1">
              <lines>
                <line number="25" hits="83" branch="False" />
              </lines>
            </method>
            <method name="get_Rarity" signature="()" line-rate="1" branch-rate="1" complexity="1">
              <lines>
                <line number="26" hits="72" branch="False" />
              </lines>
            </method>
            <method name="MakeLoot" signature="(QuestForge.Engine.Models.Rarity)" line-rate="0.9" branch-rate="0.8" complexity="5">
              <lines>
                <line number="39" hits="11" branch="False" />
                <line number="40" hits="11" branch="True" condition-coverage="80% (4/5)">
                  <conditions>
                    <condition number="6" type="switch" coverage="80%" />
                  </conditions>
                </line>
                <line number="41" hits="11" branch="False" />
                <line number="42" hits="3" branch="False" />
                <line number="43" hits="2" branch="False" />
                <line number="44" hits="3" branch="False" />
                <line number="45" hits="3" branch="False" />
                <line number="46" hits="0" branch="False" />
                <line number="47" hits="11" branch="False" />
                <line number="48" hits="11" branch="False" />
              </lines>
            </method>
            <method name="ToString" signature="()" line-rate="1" branch-rate="1" complexity="1">
              <lines>
                <line number="75" hits="8" branch="False" />
                <line number="76" hits="8" branch="False" />
                <line number="77" hits="8" branch="False" />
              </lines>
            </method>
            <method name=".ctor" signature="(System.String,System.String,System.Single,System.Int32,QuestForge.Engine.Models.Category,QuestForge.Engine.Models.Rarity)" line-rate="1" branch-rate="1" complexity="1">
              <lines>
                <line number="28" hits="60" branch="False" />
                <line number="29" hits="60" branch="False" />
                <line number="30" hits="60" branch="False" />
                <line number="31" hits="60" branch="False" />
                <line number="32" hits="60" branch="False" />
                <line number="33" hits="60" branch="False" />
                <line number="34" hits="60" branch="False" />
                <line number="35" hits="60" branch="False" />
                <line number="36" hits="60" branch="False" />
              </lines>
            </method>
            <method name=".cctor" signature="()" line-rate="1" branch-rate="1" complexity="1">
              <lines>
                <line number="49" hits="1" branch="False" />
                <line number="50" hits="1" branch="False" />
                <line number="51" hits="1" branch="False" />
                <line number="52" hits="1" branch="False" />
                <line number="53" hits="1" branch="False" />
                <line number="54" hits="1" branch="False" />
                <line number="56" hits="1" branch="False" />
                <line number="57" hits="1" branch="False" />
                <line number="58" hits="1" branch="False" />
                <line number="59" hits="1" branch="False" />
                <line number="60" hits="1" branch="False" />
                <line number="62" hits="1" branch="False" />
                <line number="63" hits="1" branch="False" />
                <line number="64" hits="1" branch="False" />
                <line number="65" hits="1" branch="False" />
                <line number="66" hits="1" branch="False" />
                <line number="68" hits="1" branch="False" />
                <line number="69" hits="1" branch="False" />
                <line number="70" hits="1" branch="False" />
                <line number="71" hits="1" branch="False" />
                <line number="72" hits="1" branch="False" />
              </lines>
            </method>
          </methods>
          <lines>
            <line number="21" hits="112" branch="False" />
            <line number="22" hits="68" branch="False" />
            <line number="23" hits="68" branch="False" />
            <line number="24" hits="70" branch="False" />
            <line number="25" hits="83" branch="False" />
            <line number="26" hits="72" branch="False" />
            <line number="39" hits="11" branch="False" />
            <line number="40" hits="11" branch="True" condition-coverage="80% (4/5)">
              <conditions>
                <condition number="6" type="switch" coverage="80%" />
              </conditions>
            </line>
            <line number="41" hits="11" branch="False" />
            <line number="42" hits="3" branch="False" />
            <line number="43" hits="2" branch="False" />
            <line number="44" hits="3" branch="False" />
            <line number="45" hits="3" branch="False" />
            <line number="46" hits="0" branch="False" />
            <line number="47" hits="11" branch="False" />
            <line number="48" hits="11" branch="False" />
            <line number="75" hits="8" branch="False" />
            <line number="76" hits="8" branch="False" />
            <line number="77" hits="8" branch="False" />
            <line number="28" hits="60" branch="False" />
            <line number="29" hits="60" branch="False" />
            <line number="30" hits="60" branch="False" />
            <line number="31" hits="60" branch="False" />
            <line number="32" hits="60" branch="False" />
            <line number="33" hits="60" branch="False" />
            <line number="34" hits="60" branch="False" />
            <line number="35" hits="60" branch="False" />
            <line number="36" hits="60" branch="False" />
            <line number="49" hits="1" branch="False" />
            <line number="50" hits="1" branch="False" />
            <line number="51" hits="1" branch="False" />
            <line number="52" hits="1" branch="False" />
            <line number="53" hits="1" branch="False" />
            <line number="54" hits="1" branch="False" />
            <line number="56" hits="1" branch="False" />
            <line number="57" hits="1" branch="False" />
            <line number="58" hits="1" branch="False" />
            <line number="59" hits="1" branch="False" />
            <line number="60" hits="1" branch="False" />
            <line number="62" hits="1" branch="False" />
            <line number="63" hits="1" branch="False" />
            <line number="64" hits="1" branch="False" />
            <line number="65" hits="1" branch="False" />
            <line number="66" hits="1" branch="False" />
            <line number="68" hits="1" branch="False" />
            <line number="69" hits="1" branch="False" />
            <line number="70" hits="1" branch="False" />
            <line number="71" hits="1" branch="False" />
            <line number="72" hits="1" branch="False" />
          </lines>
        </class>
        <class name="QuestForge.Engine.Models.Player" filename="Models/Player.cs" line-rate="0.9775" branch-rate="0.8809" complexity="53">
          <methods>
            <method name="get_Score" signature="()" line-rate="1" branch-rate="1" complexity="1">
              <lines>
                <line number="8" hits="60" branch="False" />
              </lines>
            </method>
            <method name="get_CurrentZone" signature="()" line-rate="1" branch-rate="1" complexity="1">
              <lines>
                <line number="9" hits="79" branch="False" />
              </lines>
            </method>
            <method name="get_Inventory" signature="()" line-rate="1" branch-rate="1" complexity="1">
              <lines>
                <line number="13" hits="9" branch="False" />
              </lines>
            </method>
            <method name="get_ClearedEvents" signature="()" line-rate="1" branch-rate="1" complexity="1">
              <lines>
                <line number="15" hits="70" branch="False" />
              </lines>
            </method>
            <method name="get_HasUsedInterrupt" signature="()" line-rate="1" branch-rate="1" complexity="1">
              <lines>
                <line number="17" hits="3" branch="False" />
              </lines>
            </method>
            <method name="AddScore" signature="(System.Int32)" line-rate="1" branch-rate="1" complexity="1">
              <lines>
                <line number="23" hits="17" branch="False" />
                <line number="24" hits="17" branch="False" />
                <line number="25" hits="17" branch="False" />
                <line number="26" hits="17" branch="False" />
              </lines>
            </method>
            <method name="ClearEvent" signature="(QuestForge.Engine.World.GameEvent)" line-rate="1" branch-rate="1" complexity="1">
              <lines>
                <line number="29" hits="14" branch="False" />
                <line number="30" hits="14" branch="False" />
                <line number="31" hits="14" branch="False" />
              </lines>
            </method>
            <method name="AddItemToInventory" signature="(QuestForge.Engine.Models.Item)" line-rate="1" branch-rate="1" complexity="2">
              <lines>
                <line number="34" hits="50" branch="False" />
                <line number="35" hits="51" branch="True" condition-coverage="100% (2/2)">
                  <conditions>
                    <condition number="21" type="jump" coverage="100%" />
                  </conditions>
                </line>
                <line number="36" hits="49" branch="False" />
                <line number="37" hits="49" branch="False" />
                <line number="38" hits="50" branch="False" />
              </lines>
            </method>
            <method name="RemoveItemFromInventory" signature="(QuestForge.Engine.Models.Item)" line-rate="1" branch-rate="1" complexity="4">
              <lines>
                <line number="41" hits="9" branch="False" />
                <line number="42" hits="16" branch="True" condition-coverage="100% (2/2)">
                  <conditions>
                    <condition number="33" type="jump" coverage="100%" />
                  </conditions>
                </line>
                <line number="43" hits="3" branch="False" />
                <line number="44" hits="3" branch="True" condition-coverage="100% (2/2)">
                  <conditions>
                    <condition number="71" type="jump" coverage="100%" />
                  </conditions>
                </line>
                <line number="45" hits="1" branch="False" />
                <line number="46" hits="1" branch="False" />
                <line number="47" hits="9" branch="False" />
              </lines>
            </method>
            <method name="FindItemByName" signature="(System.String)" line-rate="1" branch-rate="1" complexity="4">
              <lines>
                <line number="50" hits="3" branch="False" />
                <line number="51" hits="3" branch="False" />
                <line number="52" hits="19" branch="True" condition-coverage="100% (2/2)">
                  <conditions>
                    <condition number="64" type="jump" coverage="100%" />
                  </conditions>
                </line>
                <line number="53" hits="5" branch="False" />
                <line number="54" hits="5" branch="True" condition-coverage="100% (2/2)">
                  <conditions>
                    <condition number="46" type="jump" coverage="100%" />
                  </conditions>
                </line>
                <line number="55" hits="3" branch="False" />
                <line number="56" hits="5" branch="False" />
                <line number="57" hits="3" branch="False" />
                <line number="58" hits="3" branch="False" />
              </lines>
            </method>
            <method name="CanMove" signature="(QuestForge.Engine.Managers.ZoneManager,System.String)" line-rate="1" branch-rate="0.7142000000000001" complexity="14">
              <lines>
                <line number="61" hits="19" branch="False" />
                <line number="62" hits="19" branch="False" />
                <line number="63" hits="21" branch="True" condition-coverage="100% (2/2)">
                  <conditions>
                    <condition number="15" type="jump" coverage="100%" />
                  </conditions>
                </line>
                <line number="64" hits="17" branch="True" condition-coverage="50% (1/2)">
                  <conditions>
                    <condition number="35" type="jump" coverage="50%" />
                  </conditions>
                </line>
                <line number="66" hits="17" branch="False" />
                <line number="67" hits="17" branch="True" condition-coverage="50% (1/2)">
                  <conditions>
                    <condition number="68" type="jump" coverage="50%" />
                  </conditions>
                </line>
                <line number="69" hits="17" branch="True" condition-coverage="66.66% (4/6)">
                  <conditions>
                    <condition number="82" type="jump" coverage="50%" />
                    <condition number="94" type="jump" coverage="100%" />
                    <condition number="103" type="jump" coverage="50%" />
                  </conditions>
                </line>
                <line number="70" hits="17" branch="False" />
                <line number="72" hits="19" branch="True" condition-coverage="100% (2/2)">
                  <conditions>
                    <condition number="129" type="jump" coverage="100%" />
                  </conditions>
                </line>
                <line number="73" hits="15" branch="False" />
                <line number="74" hits="19" branch="False" />
              </lines>
            </method>
            <method name="MovePlayer" signature="(QuestForge.Engine.Managers.ZoneManager,System.String)" line-rate="1" branch-rate="1" complexity="2">
              <lines>
                <line number="77" hits="9" branch="False" />
                <line number="78" hits="11" branch="True" condition-coverage="100% (2/2)">
                  <conditions>
                    <condition number="14" type="jump" coverage="100%" />
                  </conditions>
                </line>
                <line number="79" hits="7" branch="False" />
                <line number="80" hits="7" branch="False" />
                <line number="81" hits="7" branch="False" />
                <line number="82" hits="7" branch="False" />
                <line number="83" hits="9" branch="False" />
              </lines>
            </method>
            <method name="get_InterruptDefenceBonus" signature="()" line-rate="1" branch-rate="1" complexity="1">
              <lines>
                <line number="86" hits="70" branch="False" />
              </lines>
            </method>
            <method name="Interrupt" signature="(QuestForge.Engine.Managers.ZoneManager,QuestForge.Engine.Models.Item)" line-rate="0.9229999999999999" branch-rate="0.9375" complexity="16">
              <lines>
                <line number="89" hits="12" branch="False" />
                <line number="90" hits="14" branch="True" condition-coverage="100% (2/2)">
                  <conditions>
                    <condition number="22" type="jump" coverage="100%" />
                  </conditions>
                </line>
                <line number="91" hits="10" branch="True" condition-coverage="100% (4/4)">
                  <conditions>
                    <condition number="43" type="jump" coverage="100%" />
                    <condition number="69" type="jump" coverage="100%" />
                  </conditions>
                </line>
                <line number="92" hits="1" branch="False" />
                <line number="94" hits="9" branch="True" condition-coverage="100% (2/2)">
                  <conditions>
                    <condition number="95" type="jump" coverage="100%" />
                  </conditions>
                </line>
                <line number="95" hits="10" branch="True" condition-coverage="100% (2/2)">
                  <conditions>
                    <condition number="132" type="jump" coverage="100%" />
                  </conditions>
                </line>
                <line number="97" hits="8" branch="True" condition-coverage="100% (2/2)">
                  <conditions>
                    <condition number="167" type="jump" coverage="100%" />
                  </conditions>
                </line>
                <line number="98" hits="2" branch="False" />
                <line number="99" hits="2" branch="False" />
                <line number="100" hits="2" branch="False" />
                <line number="101" hits="2" branch="False" />
                <line number="102" hits="6" branch="True" condition-coverage="100% (2/2)">
                  <conditions>
                    <condition number="224" type="jump" coverage="100%" />
                  </conditions>
                </line>
                <line number="103" hits="4" branch="False" />
                <line number="104" hits="4" branch="False" />
                <line number="105" hits="4" branch="False" />
                <line number="106" hits="4" branch="False" />
                <line number="107" hits="2" branch="True" condition-coverage="50% (1/2)">
                  <conditions>
                    <condition number="284" type="jump" coverage="50%" />
                  </conditions>
                </line>
                <line number="108" hits="2" branch="False" />
                <line number="110" hits="2" branch="False" />
                <line number="111" hits="2" branch="False" />
                <line number="112" hits="2" branch="False" />
                <line number="114" hits="0" branch="False" />
                <line number="115" hits="0" branch="False" />
                <line number="118" hits="8" branch="False" />
                <line number="119" hits="8" branch="False" />
                <line number="120" hits="12" branch="False" />
              </lines>
            </method>
            <method name="ResetInterrupt" signature="()" line-rate="1" branch-rate="1" complexity="1">
              <lines>
                <line number="123" hits="7" branch="False" />
                <line number="125" hits="7" branch="False" />
                <line number="126" hits="7" branch="False" />
                <line number="127" hits="7" branch="False" />
                <line number="128" hits="7" branch="False" />
              </lines>
            </method>
            <method name="ToString" signature="()" line-rate="1" branch-rate="1" complexity="1">
              <lines>
                <line number="131" hits="2" branch="False" />
                <line number="132" hits="2" branch="False" />
                <line number="133" hits="2" branch="False" />
              </lines>
            </method>
            <method name=".ctor" signature="(System.String,System.Int32,System.Int32,System.Int32)" line-rate="1" branch-rate="1" complexity="1">
              <lines>
                <line number="12" hits="52" branch="False" />
                <line number="16" hits="52" branch="False" />
                <line number="20" hits="156" branch="False" />
              </lines>
            </method>
          </methods>
          <lines>
            <line number="8" hits="60" branch="False" />
            <line number="9" hits="79" branch="False" />
            <line number="13" hits="9" branch="False" />
            <line number="15" hits="70" branch="False" />
            <line number="17" hits="3" branch="False" />
            <line number="23" hits="17" branch="False" />
            <line number="24" hits="17" branch="False" />
            <line number="25" hits="17" branch="False" />
            <line number="26" hits="17" branch="False" />
            <line number="29" hits="14" branch="False" />
            <line number="30" hits="14" branch="False" />
            <line number="31" hits="14" branch="False" />
            <line number="34" hits="50" branch="False" />
            <line number="35" hits="51" branch="True" condition-coverage="100% (2/2)">
              <conditions>
                <condition number="21" type="jump" coverage="100%" />
              </conditions>
            </line>
            <line number="36" hits="49" branch="False" />
            <line number="37" hits="49" branch="False" />
            <line number="38" hits="50" branch="False" />
            <line number="41" hits="9" branch="False" />
            <line number="42" hits="16" branch="True" condition-coverage="100% (2/2)">
              <conditions>
                <condition number="33" type="jump" coverage="100%" />
              </conditions>
            </line>
            <line number="43" hits="3" branch="False" />
            <line number="44" hits="3" branch="True" condition-coverage="100% (2/2)">
              <conditions>
                <condition number="71" type="jump" coverage="100%" />
              </conditions>
            </line>
            <line number="45" hits="1" branch="False" />
            <line number="46" hits="1" branch="False" />
            <line number="47" hits="9" branch="False" />
            <line number="50" hits="3" branch="False" />
            <line number="51" hits="3" branch="False" />
            <line number="52" hits="19" branch="True" condition-coverage="100% (2/2)">
              <conditions>
                <condition number="64" type="jump" coverage="100%" />
              </conditions>
            </line>
            <line number="53" hits="5" branch="False" />
            <line number="54" hits="5" branch="True" condition-coverage="100% (2/2)">
              <conditions>
                <condition number="46" type="jump" coverage="100%" />
              </conditions>
            </line>
            <line number="55" hits="3" branch="False" />
            <line number="56" hits="5" branch="False" />
            <line number="57" hits="3" branch="False" />
            <line number="58" hits="3" branch="False" />
            <line number="61" hits="19" branch="False" />
            <line number="62" hits="19" branch="False" />
            <line number="63" hits="21" branch="True" condition-coverage="100% (2/2)">
              <conditions>
                <condition number="15" type="jump" coverage="100%" />
              </conditions>
            </line>
            <line number="64" hits="17" branch="True" condition-coverage="50% (1/2)">
              <conditions>
                <condition number="35" type="jump" coverage="50%" />
              </conditions>
            </line>
            <line number="66" hits="17" branch="False" />
            <line number="67" hits="17" branch="True" condition-coverage="50% (1/2)">
              <conditions>
                <condition number="68" type="jump" coverage="50%" />
              </conditions>
            </line>
            <line number="69" hits="17" branch="True" condition-coverage="66.66% (4/6)">
              <conditions>
                <condition number="82" type="jump" coverage="50%" />
                <condition number="94" type="jump" coverage="100%" />
                <condition number="103" type="jump" coverage="50%" />
              </conditions>
            </line>
            <line number="70" hits="17" branch="False" />
            <line number="72" hits="19" branch="True" condition-coverage="100% (2/2)">
              <conditions>
                <condition number="129" type="jump" coverage="100%" />
              </conditions>
            </line>
            <line number="73" hits="15" branch="False" />
            <line number="74" hits="19" branch="False" />
            <line number="77" hits="9" branch="False" />
            <line number="78" hits="11" branch="True" condition-coverage="100% (2/2)">
              <conditions>
                <condition number="14" type="jump" coverage="100%" />
              </conditions>
            </line>
            <line number="79" hits="7" branch="False" />
            <line number="80" hits="7" branch="False" />
            <line number="81" hits="7" branch="False" />
            <line number="82" hits="7" branch="False" />
            <line number="83" hits="9" branch="False" />
            <line number="86" hits="70" branch="False" />
            <line number="89" hits="12" branch="False" />
            <line number="90" hits="14" branch="True" condition-coverage="100% (2/2)">
              <conditions>
                <condition number="22" type="jump" coverage="100%" />
              </conditions>
            </line>
            <line number="91" hits="10" branch="True" condition-coverage="100% (4/4)">
              <conditions>
                <condition number="43" type="jump" coverage="100%" />
                <condition number="69" type="jump" coverage="100%" />
              </conditions>
            </line>
            <line number="92" hits="1" branch="False" />
            <line number="94" hits="9" branch="True" condition-coverage="100% (2/2)">
              <conditions>
                <condition number="95" type="jump" coverage="100%" />
              </conditions>
            </line>
            <line number="95" hits="10" branch="True" condition-coverage="100% (2/2)">
              <conditions>
                <condition number="132" type="jump" coverage="100%" />
              </conditions>
            </line>
            <line number="97" hits="8" branch="True" condition-coverage="100% (2/2)">
              <conditions>
                <condition number="167" type="jump" coverage="100%" />
              </conditions>
            </line>
            <line number="98" hits="2" branch="False" />
            <line number="99" hits="2" branch="False" />
            <line number="100" hits="2" branch="False" />
            <line number="101" hits="2" branch="False" />
            <line number="102" hits="6" branch="True" condition-coverage="100% (2/2)">
              <conditions>
                <condition number="224" type="jump" coverage="100%" />
              </conditions>
            </line>
            <line number="103" hits="4" branch="False" />
            <line number="104" hits="4" branch="False" />
            <line number="105" hits="4" branch="False" />
            <line number="106" hits="4" branch="False" />
            <line number="107" hits="2" branch="True" condition-coverage="50% (1/2)">
              <conditions>
                <condition number="284" type="jump" coverage="50%" />
              </conditions>
            </line>
            <line number="108" hits="2" branch="False" />
            <line number="110" hits="2" branch="False" />
            <line number="111" hits="2" branch="False" />
            <line number="112" hits="2" branch="False" />
            <line number="114" hits="0" branch="False" />
            <line number="115" hits="0" branch="False" />
            <line number="118" hits="8" branch="False" />
            <line number="119" hits="8" branch="False" />
            <line number="120" hits="12" branch="False" />
            <line number="123" hits="7" branch="False" />
            <line number="125" hits="7" branch="False" />
            <line number="126" hits="7" branch="False" />
            <line number="127" hits="7" branch="False" />
            <line number="128" hits="7" branch="False" />
            <line number="131" hits="2" branch="False" />
            <line number="132" hits="2" branch="False" />
            <line number="133" hits="2" branch="False" />
            <line number="12" hits="52" branch="False" />
            <line number="16" hits="52" branch="False" />
            <line number="20" hits="156" branch="False" />
          </lines>
        </class>
        <class name="QuestForge.Engine.Managers.CombatManager" filename="Managers/CombatManager.cs" line-rate="0.8526" branch-rate="0.8518000000000001" complexity="59">
          <methods>
            <method name="QueueCombatAction" signature="(QuestForge.Engine.Models.CombatAction,QuestForge.Engine.Models.GameEntity)" line-rate="1" branch-rate="1" complexity="1">
              <lines>
                <line number="12" hits="10" branch="False" />
                <line number="13" hits="10" branch="False" />
                <line number="14" hits="10" branch="False" />
                <line number="15" hits="10" branch="False" />
                <line number="16" hits="10" branch="False" />
              </lines>
            </method>
            <method name="QueueRoundOver" signature="(QuestForge.Engine.Models.GameEntity)" line-rate="1" branch-rate="1" complexity="1">
              <lines>
                <line number="19" hits="18" branch="False" />
                <line number="20" hits="18" branch="False" />
                <line number="21" hits="18" branch="False" />
              </lines>
            </method>
            <method name="BeginCombat" signature="(QuestForge.Engine.Models.GameEntity,QuestForge.Engine.Models.GameEntity)" line-rate="0.9615" branch-rate="0.8332999999999999" complexity="24">
              <lines>
                <line number="24" hits="8" branch="False" />
                <line number="25" hits="8" branch="False" />
                <line number="26" hits="8" branch="True" condition-coverage="100% (2/2)">
                  <conditions>
                    <condition number="20" type="jump" coverage="100%" />
                  </conditions>
                </line>
                <line number="27" hits="8" branch="True" condition-coverage="100% (2/2)">
                  <conditions>
                    <condition number="37" type="jump" coverage="100%" />
                  </conditions>
                </line>
                <line number="29" hits="8" branch="True" condition-coverage="100% (4/4)">
                  <conditions>
                    <condition number="48" type="jump" coverage="100%" />
                    <condition number="59" type="jump" coverage="100%" />
                  </conditions>
                </line>
                <line number="30" hits="1" branch="False" />
                <line number="32" hits="7" branch="False" />
                <line number="34" hits="7" branch="False" />
                <line number="35" hits="12" branch="True" condition-coverage="50% (2/4)">
                  <conditions>
                    <condition number="583" type="jump" coverage="50%" />
                    <condition number="568" type="jump" coverage="50%" />
                  </conditions>
                </line>
                <line number="36" hits="12" branch="False" />
                <line number="37" hits="12" branch="False" />
                <line number="39" hits="12" branch="True" condition-coverage="100% (2/2)">
                  <conditions>
                    <condition number="262" type="jump" coverage="100%" />
                  </conditions>
                </line>
                <line number="40" hits="12" branch="False" />
                <line number="41" hits="12" branch="False" />
                <line number="42" hits="12" branch="False" />
                <line number="43" hits="12" branch="False" />
                <line number="44" hits="12" branch="False" />
                <line number="45" hits="12" branch="False" />
                <line number="47" hits="12" branch="False" />
                <line number="48" hits="12" branch="True" condition-coverage="100% (2/2)">
                  <conditions>
                    <condition number="388" type="jump" coverage="100%" />
                  </conditions>
                </line>
                <line number="49" hits="30" branch="True" condition-coverage="100% (2/2)">
                  <conditions>
                    <condition number="409" type="jump" coverage="100%" />
                  </conditions>
                </line>
                <line number="50" hits="9" branch="True" condition-coverage="100% (2/2)">
                  <conditions>
                    <condition number="470" type="jump" coverage="100%" />
                  </conditions>
                </line>
                <line number="51" hits="5" branch="True" condition-coverage="50% (2/4)">
                  <conditions>
                    <condition number="515" type="jump" coverage="50%" />
                    <condition number="535" type="jump" coverage="50%" />
                  </conditions>
                </line>
                <line number="52" hits="5" branch="False" />
                <line number="54" hits="0" branch="False" />
                <line number="55" hits="7" branch="False" />
              </lines>
            </method>
            <method name="PlayCombatRound" signature="(QuestForge.Engine.Models.Player,QuestForge.Engine.Models.Enemy)" line-rate="0.8461" branch-rate="0.9285" complexity="28">
              <lines>
                <line number="58" hits="19" branch="False" />
                <line number="59" hits="19" branch="False" />
                <line number="60" hits="19" branch="False" />
                <line number="62" hits="51" branch="True" condition-coverage="100% (2/2)">
                  <conditions>
                    <condition number="595" type="jump" coverage="100%" />
                  </conditions>
                </line>
                <line number="63" hits="50" branch="False" />
                <line number="64" hits="50" branch="False" />
                <line number="66" hits="104" branch="True" condition-coverage="100% (2/2)">
                  <conditions>
                    <condition number="41" type="jump" coverage="100%" />
                  </conditions>
                </line>
                <line number="68" hits="32" branch="True" condition-coverage="100% (2/2)">
                  <conditions>
                    <condition number="86" type="jump" coverage="100%" />
                  </conditions>
                </line>
                <line number="69" hits="3" branch="False" />
                <line number="70" hits="3" branch="False" />
                <line number="71" hits="5" branch="True" condition-coverage="100% (2/2)">
                  <conditions>
                    <condition number="140" type="jump" coverage="100%" />
                  </conditions>
                </line>
                <line number="72" hits="1" branch="False" />
                <line number="73" hits="3" branch="False" />
                <line number="76" hits="35" branch="True" condition-coverage="100% (2/2)">
                  <conditions>
                    <condition number="173" type="jump" coverage="100%" />
                  </conditions>
                </line>
                <line number="78" hits="27" branch="False" />
                <line number="80" hits="27" branch="True" condition-coverage="100% (2/2)">
                  <conditions>
                    <condition number="250" type="jump" coverage="100%" />
                  </conditions>
                </line>
                <line number="81" hits="15" branch="False" />
                <line number="82" hits="15" branch="False" />
                <line number="83" hits="15" branch="False" />
                <line number="84" hits="15" branch="False" />
                <line number="85" hits="15" branch="False" />
                <line number="87" hits="12" branch="False" />
                <line number="88" hits="12" branch="False" />
                <line number="89" hits="12" branch="False" />
                <line number="90" hits="12" branch="False" />
                <line number="91" hits="12" branch="False" />
                <line number="92" hits="27" branch="False" />
                <line number="95" hits="19" branch="True" condition-coverage="100% (2/2)">
                  <conditions>
                    <condition number="607" type="jump" coverage="100%" />
                  </conditions>
                </line>
                <line number="96" hits="1" branch="False" />
                <line number="97" hits="1" branch="False" />
                <line number="98" hits="1" branch="False" />
                <line number="102" hits="18" branch="True" condition-coverage="100% (2/2)">
                  <conditions>
                    <condition number="650" type="jump" coverage="100%" />
                  </conditions>
                </line>
                <line number="103" hits="1" branch="False" />
                <line number="104" hits="1" branch="False" />
                <line number="108" hits="17" branch="True" condition-coverage="50% (1/2)">
                  <conditions>
                    <condition number="687" type="jump" coverage="50%" />
                  </conditions>
                </line>
                <line number="109" hits="0" branch="False" />
                <line number="110" hits="0" branch="False" />
                <line number="111" hits="0" branch="False" />
                <line number="112" hits="0" branch="False" />
                <line number="113" hits="0" branch="False" />
                <line number="117" hits="17" branch="True" condition-coverage="75% (3/4)">
                  <conditions>
                    <condition number="771" type="jump" coverage="100%" />
                    <condition number="789" type="jump" coverage="50%" />
                  </conditions>
                </line>
                <line number="118" hits="0" branch="False" />
                <line number="119" hits="0" branch="False" />
                <line number="120" hits="0" branch="False" />
                <line number="123" hits="17" branch="True" condition-coverage="100% (2/2)">
                  <conditions>
                    <condition number="837" type="jump" coverage="100%" />
                  </conditions>
                </line>
                <line number="124" hits="7" branch="False" />
                <line number="125" hits="7" branch="False" />
                <line number="126" hits="7" branch="True" condition-coverage="100% (2/2)">
                  <conditions>
                    <condition number="878" type="jump" coverage="100%" />
                  </conditions>
                </line>
                <line number="127" hits="7" branch="False" />
                <line number="130" hits="12" branch="True" condition-coverage="100% (2/2)">
                  <conditions>
                    <condition number="914" type="jump" coverage="100%" />
                  </conditions>
                </line>
                <line number="132" hits="8" branch="False" />
                <line number="133" hits="19" branch="False" />
              </lines>
            </method>
            <method name="PrintLog" signature="()" line-rate="0" branch-rate="0" complexity="2">
              <lines>
                <line number="136" hits="0" branch="False" />
                <line number="137" hits="0" branch="False" />
                <line number="138" hits="0" branch="True" condition-coverage="0% (0/2)">
                  <conditions>
                    <condition number="49" type="jump" coverage="0%" />
                  </conditions>
                </line>
                <line number="139" hits="0" branch="False" />
                <line number="140" hits="0" branch="False" />
              </lines>
            </method>
            <method name="GetLog" signature="()" line-rate="1" branch-rate="1" complexity="1">
              <lines>
                <line number="142" hits="3" branch="False" />
              </lines>
            </method>
            <method name="GetLogLines" signature="()" line-rate="1" branch-rate="1" complexity="1">
              <lines>
                <line number="143" hits="1" branch="False" />
              </lines>
            </method>
            <method name=".ctor" signature="()" line-rate="1" branch-rate="1" complexity="1">
              <lines>
                <line number="8" hits="13" branch="False" />
                <line number="9" hits="13" branch="False" />
              </lines>
            </method>
          </methods>
          <lines>
            <line number="12" hits="10" branch="False" />
            <line number="13" hits="10" branch="False" />
            <line number="14" hits="10" branch="False" />
            <line number="15" hits="10" branch="False" />
            <line number="16" hits="10" branch="False" />
            <line number="19" hits="18" branch="False" />
            <line number="20" hits="18" branch="False" />
            <line number="21" hits="18" branch="False" />
            <line number="24" hits="8" branch="False" />
            <line number="25" hits="8" branch="False" />
            <line number="26" hits="8" branch="True" condition-coverage="100% (2/2)">
              <conditions>
                <condition number="20" type="jump" coverage="100%" />
              </conditions>
            </line>
            <line number="27" hits="8" branch="True" condition-coverage="100% (2/2)">
              <conditions>
                <condition number="37" type="jump" coverage="100%" />
              </conditions>
            </line>
            <line number="29" hits="8" branch="True" condition-coverage="100% (4/4)">
              <conditions>
                <condition number="48" type="jump" coverage="100%" />
                <condition number="59" type="jump" coverage="100%" />
              </conditions>
            </line>
            <line number="30" hits="1" branch="False" />
            <line number="32" hits="7" branch="False" />
            <line number="34" hits="7" branch="False" />
            <line number="35" hits="12" branch="True" condition-coverage="50% (2/4)">
              <conditions>
                <condition number="583" type="jump" coverage="50%" />
                <condition number="568" type="jump" coverage="50%" />
              </conditions>
            </line>
            <line number="36" hits="12" branch="False" />
            <line number="37" hits="12" branch="False" />
            <line number="39" hits="12" branch="True" condition-coverage="100% (2/2)">
              <conditions>
                <condition number="262" type="jump" coverage="100%" />
              </conditions>
            </line>
            <line number="40" hits="12" branch="False" />
            <line number="41" hits="12" branch="False" />
            <line number="42" hits="12" branch="False" />
            <line number="43" hits="12" branch="False" />
            <line number="44" hits="12" branch="False" />
            <line number="45" hits="12" branch="False" />
            <line number="47" hits="12" branch="False" />
            <line number="48" hits="12" branch="True" condition-coverage="100% (2/2)">
              <conditions>
                <condition number="388" type="jump" coverage="100%" />
              </conditions>
            </line>
            <line number="49" hits="30" branch="True" condition-coverage="100% (2/2)">
              <conditions>
                <condition number="409" type="jump" coverage="100%" />
              </conditions>
            </line>
            <line number="50" hits="9" branch="True" condition-coverage="100% (2/2)">
              <conditions>
                <condition number="470" type="jump" coverage="100%" />
              </conditions>
            </line>
            <line number="51" hits="5" branch="True" condition-coverage="50% (2/4)">
              <conditions>
                <condition number="515" type="jump" coverage="50%" />
                <condition number="535" type="jump" coverage="50%" />
              </conditions>
            </line>
            <line number="52" hits="5" branch="False" />
            <line number="54" hits="0" branch="False" />
            <line number="55" hits="7" branch="False" />
            <line number="58" hits="19" branch="False" />
            <line number="59" hits="19" branch="False" />
            <line number="60" hits="19" branch="False" />
            <line number="62" hits="51" branch="True" condition-coverage="100% (2/2)">
              <conditions>
                <condition number="595" type="jump" coverage="100%" />
              </conditions>
            </line>
            <line number="63" hits="50" branch="False" />
            <line number="64" hits="50" branch="False" />
            <line number="66" hits="104" branch="True" condition-coverage="100% (2/2)">
              <conditions>
                <condition number="41" type="jump" coverage="100%" />
              </conditions>
            </line>
            <line number="68" hits="32" branch="True" condition-coverage="100% (2/2)">
              <conditions>
                <condition number="86" type="jump" coverage="100%" />
              </conditions>
            </line>
            <line number="69" hits="3" branch="False" />
            <line number="70" hits="3" branch="False" />
            <line number="71" hits="5" branch="True" condition-coverage="100% (2/2)">
              <conditions>
                <condition number="140" type="jump" coverage="100%" />
              </conditions>
            </line>
            <line number="72" hits="1" branch="False" />
            <line number="73" hits="3" branch="False" />
            <line number="76" hits="35" branch="True" condition-coverage="100% (2/2)">
              <conditions>
                <condition number="173" type="jump" coverage="100%" />
              </conditions>
            </line>
            <line number="78" hits="27" branch="False" />
            <line number="80" hits="27" branch="True" condition-coverage="100% (2/2)">
              <conditions>
                <condition number="250" type="jump" coverage="100%" />
              </conditions>
            </line>
            <line number="81" hits="15" branch="False" />
            <line number="82" hits="15" branch="False" />
            <line number="83" hits="15" branch="False" />
            <line number="84" hits="15" branch="False" />
            <line number="85" hits="15" branch="False" />
            <line number="87" hits="12" branch="False" />
            <line number="88" hits="12" branch="False" />
            <line number="89" hits="12" branch="False" />
            <line number="90" hits="12" branch="False" />
            <line number="91" hits="12" branch="False" />
            <line number="92" hits="27" branch="False" />
            <line number="95" hits="19" branch="True" condition-coverage="100% (2/2)">
              <conditions>
                <condition number="607" type="jump" coverage="100%" />
              </conditions>
            </line>
            <line number="96" hits="1" branch="False" />
            <line number="97" hits="1" branch="False" />
            <line number="98" hits="1" branch="False" />
            <line number="102" hits="18" branch="True" condition-coverage="100% (2/2)">
[...]
              <conditions>
                <condition number="51" type="jump" coverage="100%" />
              </conditions>
            </line>
            <line number="54" hits="2" branch="False" />
            <line number="14" hits="13" branch="False" />
          </lines>
        </class>
        <class name="QuestForge.Engine.Managers.Leaderboard/ScoreComparer" filename="Managers/Leaderboard.cs" line-rate="1" branch-rate="0.6666" complexity="6">
          <methods>
            <method name="Compare" signature="(QuestForge.Engine.Managers.LeaderboardEntry,QuestForge.Engine.Managers.LeaderboardEntry)" line-rate="1" branch-rate="0.6666" complexity="6">
              <lines>
                <line number="59" hits="26" branch="False" />
                <line number="60" hits="26" branch="True" condition-coverage="50% (2/4)">
                  <conditions>
                    <condition number="2" type="jump" coverage="50%" />
                    <condition number="13" type="jump" coverage="50%" />
                  </conditions>
                </line>
                <line number="61" hits="26" branch="False" />
                <line number="62" hits="50" branch="True" condition-coverage="100% (2/2)">
                  <conditions>
                    <condition number="48" type="jump" coverage="100%" />
                  </conditions>
                </line>
                <line number="63" hits="2" branch="False" />
                <line number="64" hits="26" branch="False" />
              </lines>
            </method>
          </methods>
          <lines>
            <line number="59" hits="26" branch="False" />
            <line number="60" hits="26" branch="True" condition-coverage="50% (2/4)">
              <conditions>
                <condition number="2" type="jump" coverage="50%" />
                <condition number="13" type="jump" coverage="50%" />
              </conditions>
            </line>
            <line number="61" hits="26" branch="False" />
            <line number="62" hits="50" branch="True" condition-coverage="100% (2/2)">
              <conditions>
                <condition number="48" type="jump" coverage="100%" />
              </conditions>
            </line>
            <line number="63" hits="2" branch="False" />
            <line number="64" hits="26" branch="False" />
          </lines>
        </class>
        <class name="QuestForge.Engine.Managers.ZoneManager" filename="Managers/ZoneManager.cs" line-rate="1" branch-rate="0.9" complexity="43">
          <methods>
            <method name="get_CurrentZone" signature="()" line-rate="1" branch-rate="1" complexity="1">
              <lines>
                <line number="10" hits="128" branch="False" />
              </lines>
            </method>
            <method name="AddZone" signature="(QuestForge.Engine.World.Zone,QuestForge.Engine.World.Zone,QuestForge.Engine.World.Zone)" line-rate="1" branch-rate="0.7857" complexity="14">
              <lines>
                <line number="13" hits="63" branch="False" />
                <line number="14" hits="63" branch="True" condition-coverage="100% (4/4)">
                  <conditions>
                    <condition number="2" type="jump" coverage="100%" />
                    <condition number="13" type="jump" coverage="100%" />
                  </conditions>
                </line>
                <line number="15" hits="32" branch="False" />
                <line number="16" hits="32" branch="True" condition-coverage="100% (2/2)">
                  <conditions>
                    <condition number="32" type="jump" coverage="100%" />
                  </conditions>
                </line>
                <line number="17" hits="1" branch="False" />
                <line number="19" hits="31" branch="False" />
                <line number="20" hits="31" branch="False" />
                <line number="21" hits="31" branch="False" />
                <line number="24" hits="31" branch="True" condition-coverage="100% (2/2)">
                  <conditions>
                    <condition number="84" type="jump" coverage="100%" />
                  </conditions>
                </line>
                <line number="25" hits="30" branch="False" />
                <line number="26" hits="30" branch="True" condition-coverage="50% (1/2)">
                  <conditions>
                    <condition number="100" type="jump" coverage="50%" />
                  </conditions>
                </line>
                <line number="27" hits="30" branch="False" />
                <line number="28" hits="30" branch="False" />
                <line number="29" hits="30" branch="False" />
                <line number="31" hits="1" branch="False" />
                <line number="32" hits="1" branch="True" condition-coverage="50% (1/2)">
                  <conditions>
                    <condition number="164" type="jump" coverage="50%" />
                  </conditions>
                </line>
                <line number="33" hits="1" branch="False" />
                <line number="34" hits="1" branch="False" />
                <line number="35" hits="1" branch="False" />
                <line number="37" hits="31" branch="True" condition-coverage="50% (1/2)">
                  <conditions>
                    <condition number="225" type="jump" coverage="50%" />
                  </conditions>
                </line>
                <line number="38" hits="31" branch="False" />
                <line number="39" hits="62" branch="False" />
              </lines>
            </method>
            <method name="AddRequirement" signature="(QuestForge.Engine.World.Zone,System.Collections.Generic.List`1&lt;QuestForge.Engine.World.GameEvent&gt;,System.Collections.Generic.List`1&lt;QuestForge.Engine.Models.Item&gt;)" line-rate="1" branch-rate="1" complexity="4">
              <lines>
                <line number="42" hits="7" branch="False" />
                <line number="43" hits="7" branch="True" condition-coverage="100% (4/4)">
                  <conditions>
                    <condition number="7" type="jump" coverage="100%" />
                    <condition number="23" type="jump" coverage="100%" />
                  </conditions>
                </line>
                <line number="44" hits="1" branch="False" />
                <line number="46" hits="6" branch="False" />
                <line number="47" hits="6" branch="False" />
              </lines>
            </method>
            <method name="MeetsRequirements" signature="(QuestForge.Engine.World.Zone,QuestForge.Engine.Models.Player)" line-rate="1" branch-rate="1" complexity="10">
              <lines>
                <line number="50" hits="15" branch="False" />
                <line number="51" hits="15" branch="True" condition-coverage="100% (2/2)">
                  <conditions>
                    <condition number="25" type="jump" coverage="100%" />
                  </conditions>
                </line>
                <line number="52" hits="7" branch="False" />
                <line number="54" hits="31" branch="True" condition-coverage="100% (2/2)">
                  <conditions>
                    <condition number="119" type="jump" coverage="100%" />
                  </conditions>
                </line>
                <line number="55" hits="4" branch="False" />
                <line number="56" hits="15" branch="True" condition-coverage="100% (2/2)">
                  <conditions>
                    <condition number="102" type="jump" coverage="100%" />
                  </conditions>
                </line>
                <line number="57" hits="1" branch="False" />
                <line number="58" hits="3" branch="False" />
                <line number="60" hits="28" branch="True" condition-coverage="100% (2/2)">
                  <conditions>
                    <condition number="221" type="jump" coverage="100%" />
                  </conditions>
                </line>
                <line number="61" hits="4" branch="False" />
                <line number="62" hits="13" branch="True" condition-coverage="100% (2/2)">
                  <conditions>
                    <condition number="207" type="jump" coverage="100%" />
                  </conditions>
                </line>
                <line number="63" hits="1" branch="False" />
                <line number="64" hits="3" branch="False" />
                <line number="66" hits="6" branch="False" />
                <line number="67" hits="15" branch="False" />
              </lines>
            </method>
            <method name="GetZone" signature="(System.String)" line-rate="1" branch-rate="1" complexity="4">
              <lines>
                <line number="70" hits="32" branch="False" />
                <line number="71" hits="213" branch="True" condition-coverage="100% (2/2)">
                  <conditions>
                    <condition number="51" type="jump" coverage="100%" />
                  </conditions>
                </line>
                <line number="72" hits="102" branch="True" condition-coverage="100% (2/2)">
                  <conditions>
                    <condition number="38" type="jump" coverage="100%" />
                  </conditions>
                </line>
                <line number="73" hits="3" branch="False" />
                <line number="74" hits="32" branch="False" />
              </lines>
            </method>
            <method name="SetCurrentZone" signature="(QuestForge.Engine.World.Zone)" line-rate="1" branch-rate="0.5" complexity="2">
              <lines>
                <line number="77" hits="28" branch="False" />
                <line number="78" hits="28" branch="True" condition-coverage="50% (1/2)">
                  <conditions>
                    <condition number="18" type="jump" coverage="50%" />
                  </conditions>
                </line>
                <line number="79" hits="28" branch="False" />
                <line number="80" hits="28" branch="False" />
                <line number="81" hits="28" branch="False" />
              </lines>
            </method>
            <method name="GetZones" signature="()" line-rate="1" branch-rate="1" complexity="1">
              <lines>
                <line number="83" hits="20" branch="False" />
              </lines>
            </method>
            <method name="PushEvent" signature="(QuestForge.Engine.World.Zone,QuestForge.Engine.World.GameEvent)" line-rate="1" branch-rate="1" complexity="2">
              <lines>
                <line number="86" hits="19" branch="False" />
                <line number="87" hits="20" branch="True" condition-coverage="100% (2/2)">
                  <conditions>
                    <condition number="18" type="jump" coverage="100%" />
                  </conditions>
                </line>
                <line number="88" hits="18" branch="False" />
                <line number="89" hits="19" branch="False" />
              </lines>
            </method>
            <method name="PopNextEvent" signature="(QuestForge.Engine.World.Zone)" line-rate="1" branch-rate="1" complexity="2">
              <lines>
                <line number="92" hits="18" branch="False" />
                <line number="93" hits="19" branch="True" condition-coverage="100% (2/2)">
                  <conditions>
                    <condition number="18" type="jump" coverage="100%" />
                  </conditions>
                </line>
                <line number="94" hits="17" branch="False" />
                <line number="95" hits="18" branch="False" />
              </lines>
            </method>
            <method name="PeekNextEvent" signature="(QuestForge.Engine.World.Zone)" line-rate="1" branch-rate="1" complexity="2">
              <lines>
                <line number="98" hits="2" branch="False" />
                <line number="99" hits="3" branch="True" condition-coverage="100% (2/2)">
                  <conditions>
                    <condition number="18" type="jump" coverage="100%" />
                  </conditions>
                </line>
                <line number="100" hits="1" branch="False" />
                <line number="101" hits="2" branch="False" />
              </lines>
            </method>
            <method name=".ctor" signature="()" line-rate="1" branch-rate="1" complexity="1">
              <lines>
                <line number="8" hits="35" branch="False" />
                <line number="9" hits="35" branch="False" />
              </lines>
            </method>
          </methods>
          <lines>
            <line number="10" hits="128" branch="False" />
            <line number="13" hits="63" branch="False" />
            <line number="14" hits="63" branch="True" condition-coverage="100% (4/4)">
              <conditions>
                <condition number="2" type="jump" coverage="100%" />
                <condition number="13" type="jump" coverage="100%" />
              </conditions>
            </line>
            <line number="15" hits="32" branch="False" />
            <line number="16" hits="32" branch="True" condition-coverage="100% (2/2)">
              <conditions>
                <condition number="32" type="jump" coverage="100%" />
              </conditions>
            </line>
            <line number="17" hits="1" branch="False" />
            <line number="19" hits="31" branch="False" />
            <line number="20" hits="31" branch="False" />
            <line number="21" hits="31" branch="False" />
            <line number="24" hits="31" branch="True" condition-coverage="100% (2/2)">
              <conditions>
                <condition number="84" type="jump" coverage="100%" />
              </conditions>
            </line>
            <line number="25" hits="30" branch="False" />
            <line number="26" hits="30" branch="True" condition-coverage="50% (1/2)">
              <conditions>
                <condition number="100" type="jump" coverage="50%" />
              </conditions>
            </line>
            <line number="27" hits="30" branch="False" />
            <line number="28" hits="30" branch="False" />
            <line number="29" hits="30" branch="False" />
            <line number="31" hits="1" branch="False" />
            <line number="32" hits="1" branch="True" condition-coverage="50% (1/2)">
              <conditions>
                <condition number="164" type="jump" coverage="50%" />
              </conditions>
            </line>
            <line number="33" hits="1" branch="False" />
            <line number="34" hits="1" branch="False" />
            <line number="35" hits="1" branch="False" />
            <line number="37" hits="31" branch="True" condition-coverage="50% (1/2)">
              <conditions>
                <condition number="225" type="jump" coverage="50%" />
              </conditions>
            </line>
            <line number="38" hits="31" branch="False" />
            <line number="39" hits="62" branch="False" />
            <line number="42" hits="7" branch="False" />
            <line number="43" hits="7" branch="True" condition-coverage="100% (4/4)">
              <conditions>
                <condition number="7" type="jump" coverage="100%" />
                <condition number="23" type="jump" coverage="100%" />
              </conditions>
            </line>
            <line number="44" hits="1" branch="False" />
            <line number="46" hits="6" branch="False" />
            <line number="47" hits="6" branch="False" />
            <line number="50" hits="15" branch="False" />
            <line number="51" hits="15" branch="True" condition-coverage="100% (2/2)">
              <conditions>
                <condition number="25" type="jump" coverage="100%" />
              </conditions>
            </line>
            <line number="52" hits="7" branch="False" />
            <line number="54" hits="31" branch="True" condition-coverage="100% (2/2)">
              <conditions>
                <condition number="119" type="jump" coverage="100%" />
              </conditions>
            </line>
            <line number="55" hits="4" branch="False" />
            <line number="56" hits="15" branch="True" condition-coverage="100% (2/2)">
              <conditions>
                <condition number="102" type="jump" coverage="100%" />
              </conditions>
            </line>
            <line number="57" hits="1" branch="False" />
            <line number="58" hits="3" branch="False" />
            <line number="60" hits="28" branch="True" condition-coverage="100% (2/2)">
              <conditions>
                <condition number="221" type="jump" coverage="100%" />
              </conditions>
            </line>
            <line number="61" hits="4" branch="False" />
            <line number="62" hits="13" branch="True" condition-coverage="100% (2/2)">
              <conditions>
                <condition number="207" type="jump" coverage="100%" />
              </conditions>
            </line>
            <line number="63" hits="1" branch="False" />
            <line number="64" hits="3" branch="False" />
            <line number="66" hits="6" branch="False" />
            <line number="67" hits="15" branch="False" />
            <line number="70" hits="32" branch="False" />
            <line number="71" hits="213" branch="True" condition-coverage="100% (2/2)">
              <conditions>
                <condition number="51" type="jump" coverage="100%" />
              </conditions>
            </line>
            <line number="72" hits="102" branch="True" condition-coverage="100% (2/2)">
              <conditions>
                <condition number="38" type="jump" coverage="100%" />
              </conditions>
            </line>
            <line number="73" hits="3" branch="False" />
            <line number="74" hits="32" branch="False" />
            <line number="77" hits="28" branch="False" />
            <line number="78" hits="28" branch="True" condition-coverage="50% (1/2)">
              <conditions>
                <condition number="18" type="jump" coverage="50%" />
              </conditions>
            </line>
            <line number="79" hits="28" branch="False" />
            <line number="80" hits="28" branch="False" />
            <line number="81" hits="28" branch="False" />
            <line number="83" hits="20" branch="False" />
            <line number="86" hits="19" branch="False" />
            <line number="87" hits="20" branch="True" condition-coverage="100% (2/2)">
              <conditions>
                <condition number="18" type="jump" coverage="100%" />
              </conditions>
            </line>
            <line number="88" hits="18" branch="False" />
            <line number="89" hits="19" branch="False" />
            <line number="92" hits="18" branch="False" />
            <line number="93" hits="19" branch="True" condition-coverage="100% (2/2)">
              <conditions>
                <condition number="18" type="jump" coverage="100%" />
              </conditions>
            </line>
            <line number="94" hits="17" branch="False" />
            <line number="95" hits="18" branch="False" />
            <line number="98" hits="2" branch="False" />
            <line number="99" hits="3" branch="True" condition-coverage="100% (2/2)">
              <conditions>
                <condition number="18" type="jump" coverage="100%" />
              </conditions>
            </line>
            <line number="100" hits="1" branch="False" />
            <line number="101" hits="2" branch="False" />
            <line number="8" hits="35" branch="False" />
            <line number="9" hits="35" branch="False" />
          </lines>
        </class>
      </classes>
    </package>
  </packages>
</coverage>